-------------------------------------------------------------------------------
Test set: CarriersTest
-------------------------------------------------------------------------------
Tests run: 3, Failures: 1, Errors: 0, Skipped: 0, Time elapsed: 13.712 s <<< FAILURE! - in CarriersTest
carriers_multiple_result_by_one_iata  Time elapsed: 1.17 s  <<< FAILURE!
java.lang.AssertionError: 
1 expectation failed.
Expected status code <200> but was <404>.

	at CarriersTest.carriers_multiple_result_by_one_iata(CarriersTest.java:32)

