<?xml version="1.0" encoding="UTF-8"?>
<testsuite xmlns:xsi="http://www.w3.org/2001/XMLSchema-instance" xsi:noNamespaceSchemaLocation="https://maven.apache.org/surefire/maven-surefire-plugin/xsd/surefire-test-report.xsd" name="TestSuite" time="26.206" tests="14" errors="0" skipped="0" failures="9">
  <properties>
[...]
</properties>
  <testcase name="nearest_settlement_distance_above_maximum" classname="SettlementTest" time="6.533"/>
  <testcase name="nearest_settlement_distance_equal_zero" classname="SettlementTest" time="1.099">
    <failure message="1 expectation failed.&#10;Expected status code &lt;400&gt; but was &lt;500&gt;.&#10;" type="java.lang.AssertionError"><![CDATA[java.lang.AssertionError: 
1 expectation failed.
Expected status code <400> but was <500>.

	at SettlementTest.nearest_settlement_distance_equal_zero(SettlementTest.java:82)
]]></failure>
    <system-out><![CDATA[Request params:	lng=20
				distance=0
				format=json
				lang=ru_RU
				lat=40
Query params:	<none>
Form params:	<none>
Path params:	<none>
Multiparts:		<none>
]]></system-out>
  </testcase>
  <testcase name="nearest_settlement_lat_above_maximum" classname="SettlementTest" time="1.168"/>
  <testcase name="nearest_settlement_lat_below_minimum" classname="SettlementTest" time="1.348"/>
  <testcase name="nearest_settlement_lng_above_maximum" classname="SettlementTest" time="1.235">
    <failure message="1 expectation failed.&#10;JSON path error.text doesn&apos;t match.&#10;Expected: lng: Параметр lng должен быть числом в диапазоне от -180 до 180&#10;  Actual: lat: Параметр lat должен быть числом в диапазоне от -90 до 90  lng: Параметр lng должен быть числом в диапазоне от -180 до 180&#10;" type="java.lang.AssertionError">java.lang.AssertionError: 
1 expectation failed.
JSON path error.text doesn't match.
Expected: lng: Параметр lng должен быть числом в диапазоне от -180 до 180
  Actual: lat: Параметр lat должен быть числом в диапазоне от -90 до 90  lng: Параметр lng должен быть числом в диапазоне от -180 до 180

	at SettlementTest.nearest_settlement_lng_above_maximum(SettlementTest.java:131)
</failure>
    <system-out><![CDATA[Request params:	lng=181
				distance=0
				format=json
				lang=ru_RU
				lat=-91
Query params:	<none>
Form params:	<none>
Path params:	<none>
Multiparts:		<none>
]]></system-out>
  </testcase>
  <testcase name="nearest_settlement_lng_below_minimum" classname="SettlementTest" time="1.087">
    <failure message="1 expectation failed.&#10;JSON path error.text doesn&apos;t match.&#10;Expected: lng: Параметр lng должен быть числом в диапазоне от -180 до 180&#10;  Actual: lat: Параметр lat должен быть числом в диапазоне от -90 до 90  lng: Параметр lng должен быть числом в диапазоне от -180 до 180&#10;" type="java.lang.AssertionError">java.lang.AssertionError: 
1 expectation failed.
JSON path error.text doesn't match.
Expected: lng: Параметр lng должен быть числом в диапазоне от -180 до 180
  Actual: lat: Параметр lat должен быть числом в диапазоне от -90 до 90  lng: Параметр lng должен быть числом в диапазоне от -180 до 180

	at SettlementTest.nearest_settlement_lng_below_minimum(SettlementTest.java:119)
</failure>
    <system-out><![CDATA[Request params:	lng=-181
				distance=0
				format=json
				lang=ru_RU
				lat=-91
Query params:	<none>
Form params:	<none>
Path params:	<none>
Multiparts:		<none>
]]></system-out>
  </testcase>
  <testcase name="nearest_settlement_standart_request" classname="SettlementTest" time="0.94">
    <failure message="1 expectation failed.&#10;Expected status code &lt;200&gt; but was &lt;400&gt;.&#10;" type="java.lang.AssertionError"><![CDATA[java.lang.AssertionError: 
1 expectation failed.
Expected status code <200> but was <400>.

	at SettlementTest.nearest_settlement_standart_request(SettlementTest.java:33)
]]></failure>
    <system-out><![CDATA[Request params:	lng=-181
				distance=0
				format=json
				lang=ru_RU
				lat=-91
Query params:	<none>
Form params:	<none>
Path params:	<none>
Multiparts:		<none>
]]></system-out>
  </testcase>
  <testcase name="nearest_settlement_standart_request_uk" classname="SettlementTest" time="1.058">
    <failure message="1 expectation failed.&#10;Expected status code &lt;200&gt; but was &lt;400&gt;.&#10;" type="java.lang.AssertionError"><![CDATA[java.lang.AssertionError: 
1 expectation failed.
Expected status code <200> but was <400>.

	at SettlementTest.nearest_settlement_standart_request_uk(SettlementTest.java:45)
]]></failure>
    <system-out><![CDATA[Request params:	lng=-181
				distance=0
				format=json
				lang=uk_UA
				lat=-91
Query params:	<none>
Form params:	<none>
Path params:	<none>
Multiparts:		<none>
]]></system-out>
  </testcase>
  <testcase name="nearest_settlement_without_Lang" classname="SettlementTest" time="1.193">
    <failure message="1 expectation failed.&#10;Expected status code &lt;200&gt; but was &lt;400&gt;.&#10;" type="java.lang.AssertionError"><![CDATA[java.lang.AssertionError: 
1 expectation failed.
Expected status code <200> but was <400>.

	at SettlementTest.nearest_settlement_without_Lang(SettlementTest.java:142)
]]></failure>
    <system-out><![CDATA[Request params:	lng=-181
				distance=0
				format=json
				lat=-91
Query params:	<none>
Form params:	<none>
Path params:	<none>
Multiparts:		<none>
]]></system-out>
  </testcase>
  <testcase name="nearest_settlement_without_distance" classname="SettlementTest" time="0.95"/>
  <testcase name="nearest_settlement_without_format" classname="SettlementTest" time="1.017">
    <failure message="1 expectation failed.&#10;JSON path title doesn&apos;t match.&#10;Expected: Керкира&#10;  Actual: Красноярск&#10;" type="java.lang.AssertionError">java.lang.AssertionError: 
1 expectation failed.
JSON path title doesn't match.
Expected: Керкира
  Actual: Красноярск

	at SettlementTest.nearest_settlement_without_format(SettlementTest.java:155)
</failure>
    <system-out><![CDATA[Request params:	lng=93
				lat=56
Query params:	<none>
Form params:	<none>
Path params:	<none>
Multiparts:		<none>
]]></system-out>
  </testcase>
  <testcase name="nearest_settlement_without_lat" classname="SettlementTest" time="1.171"/>
  <testcase name="nearest_settlement_without_lng" classname="SettlementTest" time="1.035">
    <failure message="1 expectation failed.&#10;JSON path error.text doesn&apos;t match.&#10;Expected: lng: Не указан параметр lng.&#10;  Actual: lat: Не указан параметр lat.  lng: Не указан параметр lng.&#10;" type="java.lang.AssertionError">java.lang.AssertionError: 
1 expectation failed.
JSON path error.text doesn't match.
Expected: lng: Не указан параметр lng.
  Actual: lat: Не указан параметр lat.  lng: Не указан параметр lng.

	at SettlementTest.nearest_settlement_without_lng(SettlementTest.java:179)
</failure>
    <system-out><![CDATA[Request params:	<none>
Query params:	<none>
Form params:	<none>
Path params:	<none>
Multiparts:		<none>
]]></system-out>
  </testcase>
  <testcase name="nearest_settlement_xml_test" classname="SettlementTest" time="0.883">
    <failure message="1 expectation failed.&#10;Expected status code &lt;200&gt; but was &lt;400&gt;.&#10;" type="java.lang.AssertionError"><![CDATA[java.lang.AssertionError: 
1 expectation failed.
Expected status code <200> but was <400>.

	at SettlementTest.nearest_settlement_xml_test(SettlementTest.java:57)
]]></failure>
    <system-out><![CDATA[Request params:	<none>
Query params:	<none>
Form params:	<none>
Path params:	<none>
Multiparts:		<none>
]]></system-out>
  </testcase>
</testsuite>